<?xml version="1.0" encoding="UTF-8"?>
<testsuite name="com.github.sh0nk.matplotlib4j.FeatureExtensionTest" tests="1" skipped="0" failures="0" errors="0" timestamp="2025-09-06T10:36:37" hostname="Lilla-sÃ¥smaskinen" time="17.052">
  <properties/>
  <testcase name="testMarker" classname="com.github.sh0nk.matplotlib4j.FeatureExtensionTest" time="17.052"/>
  <system-out><![CDATA[DEBUG - .plot command: ret_7a4f9ac4_ce53_496a_86f8_4720025ca519 = plt.plot(np.array([1.3, 2]),marker="o")
DEBUG - Commands... : [python, C:\Users\loveg\AppData\Local\Temp\1757154997858-0\exec.py]
WARN - 
]]></system-out>
  <system-err><![CDATA[]]></system-err>
</testsuite>
